{"C:\\Users\\KIIT\\OneDrive\\Desktop\\women_safety\\womens-safety-api\\server.js": {"path":"C:\\Users\\KIIT\\OneDrive\\Desktop\\women_safety\\womens-safety-api\\server.js","statementMap":{"0":{"start":{"line":1,"column":16},"end":{"line":1,"column":34}},"1":{"start":{"line":2,"column":17},"end":{"line":2,"column":36}},"2":{"start":{"line":3,"column":13},"end":{"line":3,"column":28}},"3":{"start":{"line":4,"column":0},"end":{"line":4,"column":27}},"4":{"start":{"line":6,"column":12},"end":{"line":6,"column":21}},"5":{"start":{"line":7,"column":0},"end":{"line":7,"column":16}},"6":{"start":{"line":8,"column":0},"end":{"line":8,"column":24}},"7":{"start":{"line":10,"column":21},"end":{"line":10,"column":53}},"8":{"start":{"line":11,"column":0},"end":{"line":11,"column":38}},"9":{"start":{"line":13,"column":0},"end":{"line":13,"column":21}},"10":{"start":{"line":15,"column":0},"end":{"line":25,"column":1}},"11":{"start":{"line":16,"column":2},"end":{"line":24,"column":36}},"12":{"start":{"line":20,"column":4},"end":{"line":20,"column":37}},"13":{"start":{"line":21,"column":4},"end":{"line":23,"column":7}},"14":{"start":{"line":22,"column":6},"end":{"line":22,"column":64}},"15":{"start":{"line":24,"column":18},"end":{"line":24,"column":34}}},"fnMap":{"0":{"name":"(anonymous_0)","decl":{"start":{"line":19,"column":10},"end":{"line":19,"column":11}},"loc":{"start":{"line":19,"column":16},"end":{"line":24,"column":3}},"line":19},"1":{"name":"(anonymous_1)","decl":{"start":{"line":21,"column":33},"end":{"line":21,"column":34}},"loc":{"start":{"line":21,"column":39},"end":{"line":23,"column":5}},"line":21},"2":{"name":"(anonymous_2)","decl":{"start":{"line":24,"column":11},"end":{"line":24,"column":12}},"loc":{"start":{"line":24,"column":18},"end":{"line":24,"column":34}},"line":24}},"branchMap":{"0":{"loc":{"start":{"line":15,"column":0},"end":{"line":25,"column":1}},"type":"if","locations":[{"start":{"line":15,"column":0},"end":{"line":25,"column":1}},{"start":{},"end":{}}],"line":15}},"s":{"0":1,"1":1,"2":1,"3":1,"4":1,"5":1,"6":1,"7":1,"8":1,"9":1,"10":1,"11":0,"12":0,"13":0,"14":0,"15":0},"f":{"0":0,"1":0,"2":0},"b":{"0":[0,1]},"_coverageSchema":"1a1c01bbd47fc00a2c39e90264f33305004495a9","hash":"25de02d2c7918937d79a9e41258c2720466b4c83"}
,"C:\\Users\\KIIT\\OneDrive\\Desktop\\women_safety\\womens-safety-api\\models\\report.js": {"path":"C:\\Users\\KIIT\\OneDrive\\Desktop\\women_safety\\womens-safety-api\\models\\report.js","statementMap":{"0":{"start":{"line":1,"column":17},"end":{"line":1,"column":36}},"1":{"start":{"line":3,"column":21},"end":{"line":30,"column":2}},"2":{"start":{"line":32,"column":0},"end":{"line":32,"column":56}}},"fnMap":{},"branchMap":{},"s":{"0":2,"1":2,"2":2},"f":{},"b":{},"_coverageSchema":"1a1c01bbd47fc00a2c39e90264f33305004495a9","hash":"007558ea1d9cd3130b71c52429f92368278dd353"}
,"C:\\Users\\KIIT\\OneDrive\\Desktop\\women_safety\\womens-safety-api\\routes\\reportRoutes.js": {"path":"C:\\Users\\KIIT\\OneDrive\\Desktop\\women_safety\\womens-safety-api\\routes\\reportRoutes.js","statementMap":{"0":{"start":{"line":1,"column":16},"end":{"line":1,"column":34}},"1":{"start":{"line":2,"column":15},"end":{"line":2,"column":31}},"2":{"start":{"line":3,"column":15},"end":{"line":3,"column":42}},"3":{"start":{"line":6,"column":0},"end":{"line":14,"column":3}},"4":{"start":{"line":7,"column":2},"end":{"line":13,"column":3}},"5":{"start":{"line":8,"column":22},"end":{"line":8,"column":42}},"6":{"start":{"line":9,"column":24},"end":{"line":9,"column":46}},"7":{"start":{"line":10,"column":4},"end":{"line":10,"column":38}},"8":{"start":{"line":12,"column":4},"end":{"line":12,"column":49}},"9":{"start":{"line":17,"column":0},"end":{"line":24,"column":3}},"10":{"start":{"line":18,"column":2},"end":{"line":23,"column":3}},"11":{"start":{"line":19,"column":20},"end":{"line":19,"column":39}},"12":{"start":{"line":20,"column":4},"end":{"line":20,"column":34}},"13":{"start":{"line":22,"column":4},"end":{"line":22,"column":49}},"14":{"start":{"line":27,"column":0},"end":{"line":35,"column":3}},"15":{"start":{"line":28,"column":2},"end":{"line":34,"column":3}},"16":{"start":{"line":29,"column":19},"end":{"line":29,"column":55}},"17":{"start":{"line":30,"column":4},"end":{"line":30,"column":78}},"18":{"start":{"line":30,"column":17},"end":{"line":30,"column":78}},"19":{"start":{"line":31,"column":4},"end":{"line":31,"column":33}},"20":{"start":{"line":33,"column":4},"end":{"line":33,"column":49}},"21":{"start":{"line":38,"column":0},"end":{"line":50,"column":3}},"22":{"start":{"line":39,"column":2},"end":{"line":49,"column":3}},"23":{"start":{"line":40,"column":26},"end":{"line":44,"column":5}},"24":{"start":{"line":45,"column":4},"end":{"line":45,"column":85}},"25":{"start":{"line":45,"column":24},"end":{"line":45,"column":85}},"26":{"start":{"line":46,"column":4},"end":{"line":46,"column":40}},"27":{"start":{"line":48,"column":4},"end":{"line":48,"column":49}},"28":{"start":{"line":53,"column":0},"end":{"line":61,"column":3}},"29":{"start":{"line":54,"column":2},"end":{"line":60,"column":3}},"30":{"start":{"line":55,"column":26},"end":{"line":55,"column":71}},"31":{"start":{"line":56,"column":4},"end":{"line":56,"column":85}},"32":{"start":{"line":56,"column":24},"end":{"line":56,"column":85}},"33":{"start":{"line":57,"column":4},"end":{"line":57,"column":69}},"34":{"start":{"line":59,"column":4},"end":{"line":59,"column":49}},"35":{"start":{"line":63,"column":0},"end":{"line":63,"column":24}}},"fnMap":{"0":{"name":"(anonymous_0)","decl":{"start":{"line":6,"column":17},"end":{"line":6,"column":18}},"loc":{"start":{"line":6,"column":37},"end":{"line":14,"column":1}},"line":6},"1":{"name":"(anonymous_1)","decl":{"start":{"line":17,"column":16},"end":{"line":17,"column":17}},"loc":{"start":{"line":17,"column":36},"end":{"line":24,"column":1}},"line":17},"2":{"name":"(anonymous_2)","decl":{"start":{"line":27,"column":19},"end":{"line":27,"column":20}},"loc":{"start":{"line":27,"column":39},"end":{"line":35,"column":1}},"line":27},"3":{"name":"(anonymous_3)","decl":{"start":{"line":38,"column":19},"end":{"line":38,"column":20}},"loc":{"start":{"line":38,"column":39},"end":{"line":50,"column":1}},"line":38},"4":{"name":"(anonymous_4)","decl":{"start":{"line":53,"column":22},"end":{"line":53,"column":23}},"loc":{"start":{"line":53,"column":42},"end":{"line":61,"column":1}},"line":53}},"branchMap":{"0":{"loc":{"start":{"line":30,"column":4},"end":{"line":30,"column":78}},"type":"if","locations":[{"start":{"line":30,"column":4},"end":{"line":30,"column":78}},{"start":{},"end":{}}],"line":30},"1":{"loc":{"start":{"line":45,"column":4},"end":{"line":45,"column":85}},"type":"if","locations":[{"start":{"line":45,"column":4},"end":{"line":45,"column":85}},{"start":{},"end":{}}],"line":45},"2":{"loc":{"start":{"line":56,"column":4},"end":{"line":56,"column":85}},"type":"if","locations":[{"start":{"line":56,"column":4},"end":{"line":56,"column":85}},{"start":{},"end":{}}],"line":56}},"s":{"0":1,"1":1,"2":1,"3":1,"4":2,"5":2,"6":2,"7":1,"8":1,"9":1,"10":1,"11":1,"12":1,"13":0,"14":1,"15":0,"16":0,"17":0,"18":0,"19":0,"20":0,"21":1,"22":0,"23":0,"24":0,"25":0,"26":0,"27":0,"28":1,"29":0,"30":0,"31":0,"32":0,"33":0,"34":0,"35":1},"f":{"0":2,"1":1,"2":0,"3":0,"4":0},"b":{"0":[0,0],"1":[0,0],"2":[0,0]},"_coverageSchema":"1a1c01bbd47fc00a2c39e90264f33305004495a9","hash":"48b45dc03103b6318882a41b588bbbfb4523daa8"}
}
